<?xml version="1.0" encoding="UTF-8"?>
<!-- Generated by org.testng.reporters.JUnitXMLReporter -->
<testsuite ignored="0" hostname="DESKTOP-FFSC74G" failures="1" tests="1" name="Test" time="12.455" errors="0" timestamp="2021-12-27T11:19:43 IST">
  <testcase classname="edu.mst.learning.automation.smoketestcases.LeadCreation" name="creatingLead" time="0.054">
    <failure type="java.lang.NullPointerException" message="Cannot invoke &amp;quot;com.aventstack.extentreports.ExtentReports.createTest(String)&amp;quot; because &amp;quot;edu.mst.learning.automation.extentreport.ReportGenerator.reporter&amp;quot; is null">
      <![CDATA[java.lang.NullPointerException: Cannot invoke "com.aventstack.extentreports.ExtentReports.createTest(String)" because "edu.mst.learning.automation.extentreport.ReportGenerator.reporter" is null
at edu.mst.learning.automation.extentreport.ReportGenerator.parentReport(ReportGenerator.java:29)
at edu.mst.learning.automation.extentreport.ReportGenerator.<init>(ReportGenerator.java:25)
at edu.mst.learning.automation.smoketestcases.LeadCreation.creatingLead(LeadCreation.java:30)
at java.base/java.util.ArrayList.forEach(ArrayList.java:1511)
... Removed 27 stack frames]]>
    </failure>
  </testcase> <!-- creatingLead -->
</testsuite> <!-- Test -->
